2026-05-22 08:39:54 | INFO | conftest.py:43 | Launching Chrome Browser
2026-05-22 08:40:02 | INFO | conftest.py:68 | Navigated To 99acres Website
2026-05-22 08:40:02 | INFO | test_cases.py:25 | Starting Search Flow
2026-05-22 08:40:02 | INFO | test_cases.py:27 | Clicking Rent Tab
2026-05-22 08:40:02 | INFO | test_cases.py:29 | Entering Location: Rent in Hyderabad
2026-05-22 08:40:04 | INFO | test_cases.py:33 | Clicking Search
2026-05-22 08:40:07 | INFO | test_cases.py:40 | Closing Result Page Popups
2026-05-22 08:40:12 | INFO | test_cases.py:57 | Results Heading: Property for Rent in Hyderabad
2026-05-22 08:40:12 | INFO | home_page.py:280 | Screenshot Attached To Allure Report: valid_property_search
2026-05-22 08:40:12 | INFO | conftest.py:73 | Closing Browser
2026-05-22 08:40:15 | INFO | conftest.py:77 | Browser Closed Successfully
2026-05-22 08:40:15 | INFO | conftest.py:43 | Launching Chrome Browser
2026-05-22 08:40:19 | INFO | conftest.py:68 | Navigated To 99acres Website
2026-05-22 08:40:19 | INFO | test_cases.py:25 | Starting Search Flow
2026-05-22 08:40:19 | INFO | test_cases.py:27 | Clicking Rent Tab
2026-05-22 08:40:19 | INFO | test_cases.py:29 | Entering Location: Rent in Hyderabad
2026-05-22 08:40:21 | INFO | test_cases.py:33 | Clicking Search
2026-05-22 08:40:23 | INFO | test_cases.py:40 | Closing Result Page Popups
2026-05-22 08:40:38 | INFO | home_page.py:280 | Screenshot Attached To Allure Report: 2bhk_filter
2026-05-22 08:40:38 | INFO | conftest.py:73 | Closing Browser
2026-05-22 08:40:40 | INFO | conftest.py:77 | Browser Closed Successfully
2026-05-22 08:40:40 | INFO | conftest.py:43 | Launching Chrome Browser
2026-05-22 08:40:43 | INFO | conftest.py:68 | Navigated To 99acres Website
2026-05-22 08:40:43 | INFO | test_cases.py:25 | Starting Search Flow
2026-05-22 08:40:43 | INFO | test_cases.py:27 | Clicking Rent Tab
2026-05-22 08:40:43 | INFO | test_cases.py:29 | Entering Location: Rent in Hyderabad
2026-05-22 08:40:45 | INFO | test_cases.py:33 | Clicking Search
2026-05-22 08:40:50 | INFO | test_cases.py:40 | Closing Result Page Popups
2026-05-22 08:40:55 | INFO | test_cases.py:98 | Getting Displayed Location
2026-05-22 08:40:55 | INFO | test_cases.py:102 | Displayed Location: Hyderabad 
2026-05-22 08:40:55 | INFO | home_page.py:280 | Screenshot Attached To Allure Report: search_location_displayed
2026-05-22 08:40:55 | INFO | conftest.py:73 | Closing Browser
2026-05-22 08:40:58 | INFO | conftest.py:77 | Browser Closed Successfully
2026-05-22 08:40:58 | INFO | conftest.py:43 | Launching Chrome Browser
2026-05-22 08:41:02 | INFO | conftest.py:68 | Navigated To 99acres Website
2026-05-22 08:41:02 | INFO | test_cases.py:25 | Starting Search Flow
2026-05-22 08:41:02 | INFO | test_cases.py:27 | Clicking Rent Tab
2026-05-22 08:41:02 | INFO | test_cases.py:29 | Entering Location: Rent in Hyderabad
2026-05-22 08:41:03 | INFO | test_cases.py:33 | Clicking Search
2026-05-22 08:41:08 | INFO | test_cases.py:40 | Closing Result Page Popups
2026-05-22 08:41:37 | INFO | test_cases.py:141 | Property Title: 4Bedrooms 3Baths
Independent House/Villa for Rent
in Jubilee Hills, Hyderabad
2026-05-22 08:41:37 | INFO | test_cases.py:143 | Rent Amount: 1.2 Lac
2026-05-22 08:41:37 | INFO | home_page.py:280 | Screenshot Attached To Allure Report: property_details_page
2026-05-22 08:41:37 | INFO | conftest.py:73 | Closing Browser
2026-05-22 08:41:40 | INFO | conftest.py:77 | Browser Closed Successfully
2026-05-22 08:41:40 | INFO | conftest.py:43 | Launching Chrome Browser
2026-05-22 08:41:44 | INFO | conftest.py:68 | Navigated To 99acres Website
2026-05-22 08:41:44 | INFO | test_cases.py:25 | Starting Search Flow
2026-05-22 08:41:44 | INFO | test_cases.py:27 | Clicking Rent Tab
2026-05-22 08:41:44 | INFO | test_cases.py:29 | Entering Location: Rent in Hyderabad
2026-05-22 08:41:46 | INFO | test_cases.py:33 | Clicking Search
2026-05-22 08:41:50 | INFO | test_cases.py:40 | Closing Result Page Popups
2026-05-22 08:42:04 | INFO | test_cases.py:174 | Applying Owner Filter
2026-05-22 08:42:50 | INFO | home_page.py:280 | Screenshot Attached To Allure Report: shortlist_login_popup
2026-05-22 08:42:50 | INFO | conftest.py:73 | Closing Browser
2026-05-22 08:42:52 | INFO | conftest.py:77 | Browser Closed Successfully
2026-05-22 08:42:52 | INFO | conftest.py:43 | Launching Chrome Browser
2026-05-22 08:42:56 | INFO | conftest.py:68 | Navigated To 99acres Website
2026-05-22 08:42:56 | INFO | test_cases.py:247 | Initial URL: https://www.99acres.com/
2026-05-22 08:42:56 | INFO | test_cases.py:252 | Current URL: https://www.99acres.com/
2026-05-22 08:42:57 | INFO | home_page.py:280 | Screenshot Attached To Allure Report: empty_location_validation
2026-05-22 08:42:57 | INFO | conftest.py:73 | Closing Browser
2026-05-22 08:42:59 | INFO | conftest.py:77 | Browser Closed Successfully

2026-05-22 08:47:55 | INFO | conftest.py:43 | Launching Chrome Browser
2026-05-22 08:47:58 | INFO | conftest.py:68 | Navigated To 99acres Website
2026-05-22 08:47:58 | INFO | test_end_to_end_flow.py:35 | Hovering Profile Icon
2026-05-22 08:47:59 | INFO | test_end_to_end_flow.py:39 | Clicking Login/Register
2026-05-22 08:48:00 | INFO | home_page.py:280 | Screenshot Attached To Allure Report: login_popup
2026-05-22 08:48:00 | INFO | test_end_to_end_flow.py:47 | Entering Mobile Number
2026-05-22 08:48:01 | INFO | test_end_to_end_flow.py:51 | Clicking Continue
2026-05-22 08:48:01 | INFO | test_end_to_end_flow.py:55 | Waiting 20 seconds for manual OTP entry
2026-05-22 08:48:21 | INFO | test_end_to_end_flow.py:62 | Clicking Verify & Continue
2026-05-22 08:48:22 | INFO | home_page.py:280 | Screenshot Attached To Allure Report: login_screenshot
2026-05-22 08:48:22 | INFO | test_end_to_end_flow.py:68 | Login Successful
2026-05-22 08:48:41 | INFO | test_end_to_end_flow.py:77 | Clicking Rent Tab
2026-05-22 08:48:41 | INFO | test_end_to_end_flow.py:81 | Entering Location: Rent in Hyderabad
2026-05-22 08:48:43 | INFO | home_page.py:280 | Screenshot Attached To Allure Report: location_entered
2026-05-22 08:48:43 | INFO | test_end_to_end_flow.py:90 | Clicking Search Button
2026-05-22 08:48:48 | INFO | home_page.py:280 | Screenshot Attached To Allure Report: search_results_page
2026-05-22 08:48:49 | INFO | test_end_to_end_flow.py:107 | Results Heading: Property for Rent in Hyderabad
2026-05-22 08:49:02 | INFO | test_end_to_end_flow.py:114 | Initial Results Count: 10907
2026-05-22 08:49:02 | INFO | test_end_to_end_flow.py:122 | Handling Blocking Popups
2026-05-22 08:49:10 | INFO | test_end_to_end_flow.py:128 | Applying 2 BHK Filter
2026-05-22 08:49:19 | INFO | test_end_to_end_flow.py:136 | Applying Flat/Apartment Filter
2026-05-22 08:49:28 | INFO | test_end_to_end_flow.py:146 | Applying Owner Filter
2026-05-22 08:49:37 | INFO | test_end_to_end_flow.py:154 | Applying Single Men Filter
2026-05-22 08:49:46 | INFO | test_end_to_end_flow.py:166 | Applying Sort: Price Low To High
2026-05-22 08:49:56 | INFO | home_page.py:280 | Screenshot Attached To Allure Report: all_filters_applied
2026-05-22 08:49:56 | INFO | test_end_to_end_flow.py:186 | Verifying Filtered Results
2026-05-22 08:49:56 | INFO | test_end_to_end_flow.py:194 | Filtered Results Count: 3632
2026-05-22 08:49:56 | INFO | test_end_to_end_flow.py:203 | Selecting First Filtered Property
2026-05-22 08:50:04 | INFO | test_end_to_end_flow.py:216 | Switching To Property Window
2026-05-22 08:50:12 | INFO | home_page.py:280 | Screenshot Attached To Allure Report: property_details_page
2026-05-22 08:50:12 | INFO | test_end_to_end_flow.py:229 | Property Title: 2BHK 1Bath
Flat/Apartment for Rent
in Rajiv Sabgrahu, Nagole, Hyderabad
2026-05-22 08:50:12 | INFO | test_end_to_end_flow.py:233 | Rent Amount: 7000
2026-05-22 08:50:12 | INFO | test_end_to_end_flow.py:241 | Clicking Shortlist Button
2026-05-22 08:50:26 | INFO | home_page.py:280 | Screenshot Attached To Allure Report: shortlist_clicked
2026-05-22 08:50:33 | INFO | test_end_to_end_flow.py:254 | Opening Owner Details Section
2026-05-22 08:50:47 | INFO | test_end_to_end_flow.py:264 | Clicking View Phone Number
2026-05-22 08:51:01 | INFO | test_end_to_end_flow.py:274 | Verifying Contact Section
2026-05-22 08:51:18 | INFO | home_page.py:280 | Screenshot Attached To Allure Report: owner_details
2026-05-22 08:51:25 | INFO | test_end_to_end_flow.py:285 | End-to-End Property Flow Completed Successfully
2026-05-22 08:51:25 | INFO | conftest.py:73 | Closing Browser
2026-05-22 08:51:27 | INFO | conftest.py:77 | Browser Closed Successfully

2026-05-22 18:09:07 | INFO | conftest.py:43 | Launching Chrome Browser
2026-05-22 18:09:13 | INFO | conftest.py:68 | Navigated To 99acres Website
2026-05-22 18:09:13 | INFO | test_end_to_end_flow.py:33 | Hovering Profile Icon
2026-05-22 18:09:13 | INFO | test_end_to_end_flow.py:35 | Clicking Login/Register
2026-05-22 18:09:15 | INFO | home_page.py:280 | Screenshot Attached To Allure Report: login_popup
2026-05-22 18:09:15 | INFO | test_end_to_end_flow.py:38 | Entering Mobile Number
2026-05-22 18:09:16 | INFO | test_end_to_end_flow.py:40 | Clicking Continue
2026-05-22 18:09:17 | INFO | test_end_to_end_flow.py:42 | Waiting 20 seconds for manual OTP entry
2026-05-22 18:09:37 | INFO | test_end_to_end_flow.py:44 | Clicking Verify & Continue
2026-05-22 18:09:37 | INFO | home_page.py:280 | Screenshot Attached To Allure Report: login_screenshot
2026-05-22 18:09:37 | INFO | test_end_to_end_flow.py:47 | Login Successful
2026-05-22 18:09:56 | INFO | test_end_to_end_flow.py:54 | Clicking Rent Tab
2026-05-22 18:09:57 | INFO | test_end_to_end_flow.py:56 | Entering Location: Rent in Hyderabad
2026-05-22 18:09:58 | INFO | home_page.py:280 | Screenshot Attached To Allure Report: location_entered
2026-05-22 18:09:58 | INFO | test_end_to_end_flow.py:59 | Clicking Search Button
2026-05-22 18:10:02 | INFO | home_page.py:280 | Screenshot Attached To Allure Report: search_results_page
2026-05-22 18:10:02 | INFO | test_end_to_end_flow.py:72 | Results Heading: Property for Rent in Hyderabad
2026-05-22 18:10:17 | INFO | test_end_to_end_flow.py:76 | Initial Results Count: 10976
2026-05-22 18:10:17 | INFO | test_end_to_end_flow.py:80 | Handling Blocking Popups
2026-05-22 18:10:24 | INFO | test_end_to_end_flow.py:85 | Applying 2 BHK Filter
2026-05-22 18:10:32 | INFO | test_end_to_end_flow.py:91 | Applying Flat/Apartment Filter
2026-05-22 18:10:57 | INFO | conftest.py:73 | Closing Browser
2026-05-22 18:11:00 | INFO | conftest.py:77 | Browser Closed Successfully
